401524763215492084177591102204121715174
-167827481723044874976587657080208759724
10016162497049985884574211409136113197116698164325157174458455317281132476869
1
4081564864216269650908605531621343764901832065887194488209001359365675322274
1
0
37593471459619890374502090645938978186204229776724300642604873612380761747884
17604364168341668356845654143616068299501264533142819923808355502677163646319
1
26811562306266155135654403838424621950
30191983941092650540481419983807133946742540500138257089019318857676147436920
2
41606694695098067791825489125250144532391906054978691901973322785698919292992
606752568074930806505295362072963107830
220030189839378801972703804662759850196
2
23425948663163407207696375743704631848
2
1
0
5
0
0
2
195065321768415284489530179165804590901
-84707619744720224420666503667982434002
351853301548343634916358976009092061500
27876415583432587288907419251793292244075800209936323531110444324121384673080
134034300760462819916102811606847533400
1
111788571362354870552135212598041861360013123994754387078787637068559967724
257834390718147146234539894462691717172
43351353057292462468930883361866276514
-169394112766331652944262221854901888364
-87015428122039575182940515291798588555
15074965677324115908483738698338854519293464931676504466241259318644116365324
233008859005872893197537153970493591009
28353404787464706159830661898832306897261866734658532479127605743933165991380
417262177786705351595641905349841095814
129900707775047848537606391602374914324
22336735655772510930316180861712989275530513734850306355926162623752506230093
25205818196067132679014003424184957640
309474318894483706055265340439268990686
1923654133271722110596761843230888310917364718016207909862646156123384327467
-152340838513018994274318437692932362383
50002970453270856156899686690868277733
264548315722112927205722372499721392051
3314986288868902816449545478077499559561872152341436929373734777830579418266
421769968850323432657847781640417955256
227125841616469514810910540861773833385
25331143662159573933032146356688882370
0
47910544156281250165334646627861654069
93269893208413060392477308262223094854539432649507745371489331048174709413062
0
147732299871188325608530501107820377948
38544932971595412187770689172854969488707465255306604134399462644700800374683
63461913838641757418633007647281932079559090646500721858756095666405783411998
18777568239749705323251293444484180200
81436591731061541754798941996741262638404224996065552791147835516087490525225
81042994823109236425715108749157536571
77665522355647663944709989582457698206893542274360104889885134752929702751996
101841195582152126097010600758229830510
8034728648777748947560801787882824695884892207612703320652635218581573051261
429601269005463795319226451880230357281
195192664167050265845369116634538652508
161434874527182670616458069332830677987
211078506301430971382991490244969879786
0
3
95296255432635705636960482946338932228
239185246669586774297970190917382622691
17135039500740466362992763744040683216407748812396955075514268642128845792267
108195155679979723516985472885475760037002227288470777394969506504113134660920
-54901038096340406468440728581034467948
869564273141269809966228590254331561899259557308416130986243548634203470225
96600429681864269431062131150894174983
371626841840119533505626570273661694769542627475297043073643723748030930001
-66116282562909235559259435098177242714
33076859603666245589235979879558302898119643337741551771692380994172154386350
187095111986750421843810975398795948720
-130605894032644861196466044154870266835
18544448491374492737905610781060451112437020090243532334958738360544792224280
356904145629542741343218946307465749518
477796464887018958048897279521583566473
16363578652417504380840443069663939423928033283718674306793613958483531529850
21126717190502304086856880595625883453312408435733268106064712863683899831256
0
-204229741722420912004093313946122786740
0
50685855479050683872688994377958110289041099836166792354621772874364221660154
0
19858821539818400465690174090616802176616627458138438039070198531707027213
16418230758644977306772017260202179858923392569675810877054434075970336925184
335851764427458362308009110891443353225
32763097688460016174029871674739876709707785296896598183152579725229726370050
133408380434561627783868059576468351574
87122607167530068007656565923771352032
2
